<?xml version="1.0" encoding="UTF-8"?>
<!-- Generated by org.testng.reporters.JUnitReportReporter -->
<testsuite hostname="DESKTOP-VB8ALPU" failures="0" tests="1" name="GoogleTest" time="7.530" errors="0" timestamp="2024-08-10T04:57:19 BDT" skipped="0">
  <testcase classname="GoogleTest" name="HomePageCheck" time="7.530"/>
  <system-out/>
</testsuite> <!-- GoogleTest -->
