<?xml version="1.0" encoding="UTF-8"?>
<!-- Generated by org.testng.reporters.JUnitReportReporter -->
<testsuite hostname="DESKTOP-VB8ALPU" failures="0" tests="2" name="tests.TC001_CreateAccountSubmitOrderTest" time="182.687" errors="0" timestamp="2024-09-23T02:59:55 BDT" skipped="0">
  <testcase classname="tests.TC001_CreateAccountSubmitOrderTest" name="CreateAccount" time="86.970"/>
  <testcase classname="tests.TC001_CreateAccountSubmitOrderTest" name="CreateAccount" time="95.717"/>
</testsuite> <!-- tests.TC001_CreateAccountSubmitOrderTest -->
