<?xml version="1.0" encoding="UTF-8"?>
<!-- Generated by org.testng.reporters.JUnitReportReporter -->
<testsuite hostname="DESKTOP-VB8ALPU" failures="0" tests="2" name="tests.TC001_LogInTest" time="109.871" errors="0" timestamp="2024-09-23T01:22:49 BDT" skipped="0">
  <testcase classname="tests.TC001_LogInTest" name="loginSubmitOrder" time="53.455"/>
  <testcase classname="tests.TC001_LogInTest" name="loginSubmitOrder" time="56.416"/>
</testsuite> <!-- tests.TC001_LogInTest -->
