<?xml version="1.0" encoding="UTF-8"?>
<!-- Generated by org.testng.reporters.JUnitReportReporter -->
<testsuite hostname="DESKTOP-VB8ALPU" failures="0" tests="3" name="excelDataTest.T01_dataProviderExcel" time="0.011" errors="0" timestamp="2024-08-11T05:46:57 BDT" skipped="0">
  <testcase classname="excelDataTest.T01_dataProviderExcel" name="testCaseData" time="0.009"/>
  <testcase classname="excelDataTest.T01_dataProviderExcel" name="testCaseData" time="0.001"/>
  <testcase classname="excelDataTest.T01_dataProviderExcel" name="testCaseData" time="0.001"/>
</testsuite> <!-- excelDataTest.T01_dataProviderExcel -->
