<?xml version="1.0" encoding="UTF-8"?>
<!-- Generated by org.testng.reporters.JUnitReportReporter -->
<testsuite hostname="DESKTOP-VB8ALPU" failures="0" tests="1" name="excelDataTest.T02_dataProviderTestNG" time="0.617" errors="0" timestamp="2024-08-11T05:25:59 BDT" skipped="0">
  <testcase classname="excelDataTest.T02_dataProviderTestNG" name="getExcel" time="0.617"/>
</testsuite> <!-- excelDataTest.T02_dataProviderTestNG -->
