<?xml version="1.0" encoding="UTF-8"?>
<!-- Generated by org.testng.reporters.JUnitReportReporter -->
<testsuite hostname="DESKTOP-VB8ALPU" failures="0" tests="2" name="tests.TC002_LogInSubmitOrderTest" time="140.686" errors="0" timestamp="2024-09-23T02:59:55 BDT" skipped="0">
  <testcase classname="tests.TC002_LogInSubmitOrderTest" name="loginSubmitOrder" time="66.511"/>
  <testcase classname="tests.TC002_LogInSubmitOrderTest" name="loginSubmitOrder" time="74.175"/>
</testsuite> <!-- tests.TC002_LogInSubmitOrderTest -->
