<?xml version="1.0" encoding="UTF-8"?>
<!-- Generated by org.testng.reporters.JUnitReportReporter -->
<testsuite hostname="DESKTOP-VB8ALPU" failures="0" tests="3" name="excelDataTest.T01_dataProviderExcel" time="0.012" errors="0" timestamp="2024-08-11T05:39:11 BDT" skipped="0">
  <testcase classname="excelDataTest.T01_dataProviderExcel" name="testCaseData" time="0.008"/>
  <testcase classname="excelDataTest.T01_dataProviderExcel" name="testCaseData" time="0.002"/>
  <testcase classname="excelDataTest.T01_dataProviderExcel" name="testCaseData" time="0.002"/>
</testsuite> <!-- excelDataTest.T01_dataProviderExcel -->
